{
"contracts\\mocktoken.sol":{"l":{"9":15},"path":"F:\\RRS\\Projects\\2022\\TestforJob\\project\\contracts\\mocktoken.sol","s":{"1":15},"b":{},"f":{"1":15},"fnMap":{"1":{"name":"constructor","line":8,"loc":{"start":{"line":8,"column":4},"end":{"line":10,"column":4}}}},"statementMap":{"1":{"start":{"line":9,"column":8},"end":{"line":9,"column":42}}},"branchMap":{}},
"contracts\\test.sol":{"l":{"20":15,"21":15,"22":15,"23":15,"24":15,"25":75,"26":75,"27":75,"32":3,"33":3,"34":2,"35":1,"36":1,"37":1,"38":1,"42":3,"43":2,"44":1},"path":"F:\\RRS\\Projects\\2022\\TestforJob\\project\\contracts\\test.sol","s":{"1":15,"2":15,"3":15,"4":15,"5":15,"6":75,"7":75,"8":75,"9":3,"10":3,"11":2,"12":1,"13":1,"14":1,"15":1,"16":3,"17":2,"18":1},"b":{"1":[2,1],"2":[1,1],"3":[2,1],"4":[1,1]},"f":{"1":15,"2":3,"3":3},"fnMap":{"1":{"name":"constructor","line":19,"loc":{"start":{"line":19,"column":4},"end":{"line":29,"column":4}}},"2":{"name":"claim","line":31,"loc":{"start":{"line":31,"column":4},"end":{"line":39,"column":4}}},"3":{"name":"deposit","line":41,"loc":{"start":{"line":41,"column":4},"end":{"line":45,"column":4}}}},"statementMap":{"1":{"start":{"line":20,"column":8},"end":{"line":20,"column":25}},"2":{"start":{"line":21,"column":8},"end":{"line":21,"column":35}},"3":{"start":{"line":22,"column":8},"end":{"line":22,"column":23}},"4":{"start":{"line":23,"column":8},"end":{"line":23,"column":40}},"5":{"start":{"line":24,"column":8},"end":{"line":24,"column":840}},"6":{"start":{"line":25,"column":12},"end":{"line":25,"column":59}},"7":{"start":{"line":26,"column":12},"end":{"line":26,"column":38}},"8":{"start":{"line":27,"column":12},"end":{"line":27,"column":45}},"9":{"start":{"line":32,"column":8},"end":{"line":32,"column":51}},"10":{"start":{"line":33,"column":8},"end":{"line":33,"column":66}},"11":{"start":{"line":34,"column":8},"end":{"line":34,"column":55}},"12":{"start":{"line":35,"column":8},"end":{"line":35,"column":41}},"13":{"start":{"line":36,"column":8},"end":{"line":36,"column":53}},"14":{"start":{"line":37,"column":8},"end":{"line":37,"column":60}},"15":{"start":{"line":38,"column":8},"end":{"line":38,"column":38}},"16":{"start":{"line":42,"column":8},"end":{"line":42,"column":58}},"17":{"start":{"line":43,"column":8},"end":{"line":43,"column":47}},"18":{"start":{"line":44,"column":8},"end":{"line":44,"column":60}}},"branchMap":{"1":{"line":33,"type":"if","locations":[{"start":{"line":33,"column":8},"end":{"line":33,"column":8}},{"start":{"line":33,"column":8},"end":{"line":33,"column":8}}]},"2":{"line":34,"type":"if","locations":[{"start":{"line":34,"column":8},"end":{"line":34,"column":8}},{"start":{"line":34,"column":8},"end":{"line":34,"column":8}}]},"3":{"line":42,"type":"if","locations":[{"start":{"line":42,"column":8},"end":{"line":42,"column":8}},{"start":{"line":42,"column":8},"end":{"line":42,"column":8}}]},"4":{"line":43,"type":"if","locations":[{"start":{"line":43,"column":8},"end":{"line":43,"column":8}},{"start":{"line":43,"column":8},"end":{"line":43,"column":8}}]}}}}
