TN:
SF:F:\RRS\Projects\2022\TestforJob\project\contracts\mocktoken.sol
FN:8,constructor
FNF:1
FNH:1
FNDA:15,constructor
DA:9,15
LF:1
LH:1
BRF:0
BRH:0
end_of_record
TN:
SF:F:\RRS\Projects\2022\TestforJob\project\contracts\test.sol
FN:19,constructor
FN:31,claim
FN:41,deposit
FNF:3
FNH:3
FNDA:15,constructor
FNDA:3,claim
FNDA:3,deposit
DA:20,15
DA:21,15
DA:22,15
DA:23,15
DA:24,15
DA:25,75
DA:26,75
DA:27,75
DA:32,3
DA:33,3
DA:34,2
DA:35,1
DA:36,1
DA:37,1
DA:38,1
DA:42,3
DA:43,2
DA:44,1
LF:18
LH:18
BRDA:33,1,0,2
BRDA:33,1,1,1
BRDA:34,2,0,1
BRDA:34,2,1,1
BRDA:42,3,0,2
BRDA:42,3,1,1
BRDA:43,4,0,1
BRDA:43,4,1,1
BRF:8
BRH:8
end_of_record
